<?xml version="1.0" encoding="UTF-8"?>
<coverage generated="1660800858932" clover="3.2.0">
  <project timestamp="1660800858932" name="All files">
    <metrics statements="36" coveredstatements="36" conditionals="18" coveredconditionals="18" methods="1" coveredmethods="1" elements="55" coveredelements="55" complexity="0" loc="36" ncloc="36" packages="1" files="1" classes="1"/>
    <file name="challenge.js" path="E:\test-javascript\challenge.js">
      <metrics statements="36" coveredstatements="36" conditionals="18" coveredconditionals="18" methods="1" coveredmethods="1"/>
      <line num="1" count="10" type="cond" truecount="1" falsecount="0"/>
      <line num="2" count="10" type="cond" truecount="2" falsecount="0"/>
      <line num="3" count="10" type="cond" truecount="2" falsecount="0"/>
      <line num="4" count="7" type="stmt"/>
      <line num="5" count="7" type="cond" truecount="1" falsecount="0"/>
      <line num="6" count="10" type="cond" truecount="2" falsecount="0"/>
      <line num="7" count="6" type="stmt"/>
      <line num="8" count="6" type="stmt"/>
      <line num="9" count="6" type="cond" truecount="1" falsecount="0"/>
      <line num="10" count="6" type="stmt"/>
      <line num="11" count="10" type="cond" truecount="2" falsecount="0"/>
      <line num="12" count="4" type="stmt"/>
      <line num="13" count="4" type="stmt"/>
      <line num="14" count="4" type="stmt"/>
      <line num="15" count="4" type="stmt"/>
      <line num="16" count="4" type="cond" truecount="1" falsecount="0"/>
      <line num="17" count="14" type="cond" truecount="2" falsecount="0"/>
      <line num="18" count="10" type="stmt"/>
      <line num="19" count="14" type="cond" truecount="1" falsecount="0"/>
      <line num="20" count="7" type="stmt"/>
      <line num="21" count="7" type="cond" truecount="2" falsecount="0"/>
      <line num="22" count="3" type="stmt"/>
      <line num="23" count="3" type="stmt"/>
      <line num="24" count="7" type="stmt"/>
      <line num="25" count="7" type="stmt"/>
      <line num="26" count="7" type="stmt"/>
      <line num="27" count="3" type="cond" truecount="1" falsecount="0"/>
      <line num="28" count="3" type="stmt"/>
      <line num="29" count="3" type="stmt"/>
      <line num="30" count="4" type="stmt"/>
      <line num="31" count="4" type="stmt"/>
      <line num="32" count="4" type="stmt"/>
      <line num="33" count="4" type="stmt"/>
      <line num="34" count="4" type="stmt"/>
      <line num="35" count="1" type="stmt"/>
      <line num="36" count="1" type="stmt"/>
    </file>
  </project>
</coverage>
