{"E:\\test-javascript\\challenge.js": {"path":"E:\\test-javascript\\challenge.js","all":false,"statementMap":{"0":{"start":{"line":1,"column":0},"end":{"line":1,"column":57}},"1":{"start":{"line":2,"column":0},"end":{"line":2,"column":68}},"2":{"start":{"line":3,"column":0},"end":{"line":3,"column":32}},"3":{"start":{"line":4,"column":0},"end":{"line":4,"column":0}},"4":{"start":{"line":5,"column":0},"end":{"line":5,"column":70}},"5":{"start":{"line":6,"column":0},"end":{"line":6,"column":54}},"6":{"start":{"line":7,"column":0},"end":{"line":7,"column":0}},"7":{"start":{"line":8,"column":0},"end":{"line":8,"column":48}},"8":{"start":{"line":9,"column":0},"end":{"line":9,"column":37}},"9":{"start":{"line":10,"column":0},"end":{"line":10,"column":4}},"10":{"start":{"line":11,"column":0},"end":{"line":11,"column":57}},"11":{"start":{"line":12,"column":0},"end":{"line":12,"column":0}},"12":{"start":{"line":13,"column":0},"end":{"line":13,"column":35}},"13":{"start":{"line":14,"column":0},"end":{"line":14,"column":0}},"14":{"start":{"line":15,"column":0},"end":{"line":15,"column":38}},"15":{"start":{"line":16,"column":0},"end":{"line":16,"column":48}},"16":{"start":{"line":17,"column":0},"end":{"line":17,"column":60}},"17":{"start":{"line":18,"column":0},"end":{"line":18,"column":0}},"18":{"start":{"line":19,"column":0},"end":{"line":19,"column":55}},"19":{"start":{"line":20,"column":0},"end":{"line":20,"column":24}},"20":{"start":{"line":21,"column":0},"end":{"line":21,"column":70}},"21":{"start":{"line":22,"column":0},"end":{"line":22,"column":26}},"22":{"start":{"line":23,"column":0},"end":{"line":23,"column":31}},"23":{"start":{"line":24,"column":0},"end":{"line":24,"column":50}},"24":{"start":{"line":25,"column":0},"end":{"line":25,"column":50}},"25":{"start":{"line":26,"column":0},"end":{"line":26,"column":7}},"26":{"start":{"line":27,"column":0},"end":{"line":27,"column":0}},"27":{"start":{"line":28,"column":0},"end":{"line":28,"column":23}},"28":{"start":{"line":29,"column":0},"end":{"line":29,"column":6}},"29":{"start":{"line":30,"column":0},"end":{"line":30,"column":5}},"30":{"start":{"line":31,"column":0},"end":{"line":31,"column":4}},"31":{"start":{"line":32,"column":0},"end":{"line":32,"column":0}},"32":{"start":{"line":33,"column":0},"end":{"line":33,"column":22}},"33":{"start":{"line":34,"column":0},"end":{"line":34,"column":1}},"34":{"start":{"line":35,"column":0},"end":{"line":35,"column":0}},"35":{"start":{"line":36,"column":0},"end":{"line":36,"column":25}}},"s":{"0":10,"1":10,"2":10,"3":7,"4":7,"5":10,"6":6,"7":6,"8":6,"9":6,"10":10,"11":4,"12":4,"13":4,"14":4,"15":4,"16":14,"17":10,"18":14,"19":7,"20":7,"21":3,"22":3,"23":7,"24":7,"25":7,"26":3,"27":3,"28":3,"29":4,"30":4,"31":4,"32":4,"33":4,"34":1,"35":1},"branchMap":{"0":{"type":"branch","line":1,"loc":{"start":{"line":1,"column":0},"end":{"line":34,"column":1}},"locations":[{"start":{"line":1,"column":0},"end":{"line":34,"column":1}}]},"1":{"type":"branch","line":2,"loc":{"start":{"line":2,"column":6},"end":{"line":2,"column":39}},"locations":[{"start":{"line":2,"column":6},"end":{"line":2,"column":39}}]},"2":{"type":"branch","line":2,"loc":{"start":{"line":2,"column":6},"end":{"line":2,"column":56}},"locations":[{"start":{"line":2,"column":6},"end":{"line":2,"column":56}}]},"3":{"type":"branch","line":3,"loc":{"start":{"line":3,"column":4},"end":{"line":3,"column":10}},"locations":[{"start":{"line":3,"column":4},"end":{"line":3,"column":10}}]},"4":{"type":"branch","line":3,"loc":{"start":{"line":3,"column":4},"end":{"line":6,"column":6}},"locations":[{"start":{"line":3,"column":4},"end":{"line":6,"column":6}}]},"5":{"type":"branch","line":6,"loc":{"start":{"line":6,"column":25},"end":{"line":6,"column":31}},"locations":[{"start":{"line":6,"column":25},"end":{"line":6,"column":31}}]},"6":{"type":"branch","line":6,"loc":{"start":{"line":6,"column":25},"end":{"line":11,"column":6}},"locations":[{"start":{"line":6,"column":25},"end":{"line":11,"column":6}}]},"7":{"type":"branch","line":11,"loc":{"start":{"line":11,"column":27},"end":{"line":11,"column":33}},"locations":[{"start":{"line":11,"column":27},"end":{"line":11,"column":33}}]},"8":{"type":"branch","line":11,"loc":{"start":{"line":11,"column":27},"end":{"line":34,"column":1}},"locations":[{"start":{"line":11,"column":27},"end":{"line":34,"column":1}}]},"9":{"type":"branch","line":5,"loc":{"start":{"line":5,"column":46},"end":{"line":5,"column":70}},"locations":[{"start":{"line":5,"column":46},"end":{"line":5,"column":70}}]},"10":{"type":"branch","line":9,"loc":{"start":{"line":9,"column":5},"end":{"line":9,"column":26}},"locations":[{"start":{"line":9,"column":5},"end":{"line":9,"column":26}}]},"11":{"type":"branch","line":16,"loc":{"start":{"line":16,"column":4},"end":{"line":29,"column":6}},"locations":[{"start":{"line":16,"column":4},"end":{"line":29,"column":6}}]},"12":{"type":"branch","line":17,"loc":{"start":{"line":17,"column":43},"end":{"line":17,"column":50}},"locations":[{"start":{"line":17,"column":43},"end":{"line":17,"column":50}}]},"13":{"type":"branch","line":17,"loc":{"start":{"line":17,"column":43},"end":{"line":19,"column":10}},"locations":[{"start":{"line":17,"column":43},"end":{"line":19,"column":10}}]},"14":{"type":"branch","line":19,"loc":{"start":{"line":19,"column":54},"end":{"line":26,"column":7}},"locations":[{"start":{"line":19,"column":54},"end":{"line":26,"column":7}}]},"15":{"type":"branch","line":21,"loc":{"start":{"line":21,"column":10},"end":{"line":22,"column":26}},"locations":[{"start":{"line":21,"column":10},"end":{"line":22,"column":26}}]},"16":{"type":"branch","line":21,"loc":{"start":{"line":21,"column":10},"end":{"line":23,"column":31}},"locations":[{"start":{"line":21,"column":10},"end":{"line":23,"column":31}}]},"17":{"type":"branch","line":27,"loc":{"start":{"line":27,"column":-1},"end":{"line":29,"column":6}},"locations":[{"start":{"line":27,"column":-1},"end":{"line":29,"column":6}}]}},"b":{"0":[10],"1":[8],"2":[8],"3":[3],"4":[7],"5":[1],"6":[6],"7":[2],"8":[4],"9":[22],"10":[20],"11":[14],"12":[4],"13":[10],"14":[7],"15":[4],"16":[3],"17":[3]},"fnMap":{"0":{"name":"minCost","decl":{"start":{"line":1,"column":0},"end":{"line":34,"column":1}},"loc":{"start":{"line":1,"column":0},"end":{"line":34,"column":1}},"line":1}},"f":{"0":10}}
}
