TN:
SF:challenge.js
FN:1,minCost
FNF:1
FNH:1
FNDA:10,minCost
DA:1,10
DA:2,10
DA:3,10
DA:4,7
DA:5,7
DA:6,7
DA:7,7
DA:8,7
DA:9,22
DA:10,21
DA:11,22
DA:12,22
DA:13,19
DA:14,22
DA:15,15
DA:16,22
DA:17,9
DA:18,9
DA:19,3
DA:20,3
DA:21,9
DA:22,9
DA:23,9
DA:24,6
DA:25,6
DA:26,6
DA:27,7
DA:28,7
DA:29,7
DA:30,7
DA:31,7
DA:32,1
DA:33,1
LF:33
LH:33
BRDA:1,0,0,10
BRDA:2,1,0,8
BRDA:2,2,0,8
BRDA:3,3,0,3
BRDA:3,4,0,7
BRDA:8,5,0,22
BRDA:9,6,0,1
BRDA:9,7,0,21
BRDA:12,8,0,2
BRDA:12,9,0,19
BRDA:14,10,0,4
BRDA:14,11,0,15
BRDA:16,12,0,9
BRDA:18,13,0,6
BRDA:18,14,0,3
BRDA:24,15,0,6
BRF:16
BRH:16
end_of_record
